<?xml version="1.0" encoding="UTF-8"?>
<testng-results ignored="0" total="1" passed="1" failed="0" skipped="0">
  <reporter-output>
  </reporter-output>
  <suite started-at="2023-04-11T13:46:21 IST" name="Command line suite" finished-at="2023-04-11T13:46:28 IST" duration-ms="6887">
    <groups>
    </groups>
    <test started-at="2023-04-11T13:46:21 IST" name="Command line test" finished-at="2023-04-11T13:46:28 IST" duration-ms="6887">
      <class name="Firstproject.Testng">
        <test-method signature="second()[pri:0, instance:Firstproject.Testng@4c40b76e]" started-at="2023-04-11T13:46:21 IST" name="second" finished-at="2023-04-11T13:46:28 IST" duration-ms="6833" status="PASS">
          <reporter-output>
          </reporter-output>
        </test-method> <!-- second -->
      </class> <!-- Firstproject.Testng -->
    </test> <!-- Command line test -->
  </suite> <!-- Command line suite -->
</testng-results>
