<?xml version="1.0" encoding="UTF-8"?>
<!-- Generated by org.testng.reporters.JUnitXMLReporter -->
<testsuite ignored="0" hostname="Aji" failures="0" tests="4" name="Default test" time="25.418" errors="0" timestamp="2023-04-27T12:20:00 IST">
  <testcase classname="LoginDemo.CorrectUser" name="correctuser" time="10.847"/>
  <testcase classname="LoginDemo.CorrectUser" name="correctuser" time="3.66"/>
  <testcase classname="LoginDemo.CorrectUser" name="correctuser" time="4.993"/>
  <testcase classname="LoginDemo.CorrectUser" name="correctuser" time="3.663"/>
</testsuite> <!-- Default test -->
