<?xml version="1.0" encoding="UTF-8"?>
<testng-results ignored="0" total="4" passed="4" failed="0" skipped="0">
  <reporter-output>
  </reporter-output>
  <suite started-at="2023-04-27T12:19:35 IST" name="Default suite" finished-at="2023-04-27T12:20:00 IST" duration-ms="25418">
    <groups>
    </groups>
    <test started-at="2023-04-27T12:19:35 IST" name="Default test" finished-at="2023-04-27T12:20:00 IST" duration-ms="25418">
      <class name="LoginDemo.CorrectUser">
        <test-method is-config="true" signature="beforetest()[pri:0, instance:LoginDemo.CorrectUser@38425407]" started-at="2023-04-27T12:19:35 IST" name="beforetest" finished-at="2023-04-27T12:19:36 IST" duration-ms="1937" status="PASS">
          <reporter-output>
          </reporter-output>
        </test-method> <!-- beforetest -->
        <test-method signature="correctuser(java.lang.String,java.lang.String)[pri:0, instance:LoginDemo.CorrectUser@38425407]" started-at="2023-04-27T12:19:37 IST" name="correctuser" data-provider="vaild" finished-at="2023-04-27T12:19:47 IST" duration-ms="10847" status="PASS">
          <params>
            <param index="0">
              <value>
                <![CDATA[Admin]]>
              </value>
            </param>
            <param index="1">
              <value>
                <![CDATA[aj]]>
              </value>
            </param>
          </params>
          <reporter-output>
          </reporter-output>
        </test-method> <!-- correctuser -->
        <test-method signature="correctuser(java.lang.String,java.lang.String)[pri:0, instance:LoginDemo.CorrectUser@38425407]" started-at="2023-04-27T12:19:47 IST" name="correctuser" data-provider="vaild" finished-at="2023-04-27T12:19:51 IST" duration-ms="3660" status="PASS">
          <params>
            <param index="0">
              <value>
                <![CDATA[aji]]>
              </value>
            </param>
            <param index="1">
              <value>
                <![CDATA[admin123]]>
              </value>
            </param>
          </params>
          <reporter-output>
          </reporter-output>
        </test-method> <!-- correctuser -->
        <test-method signature="correctuser(java.lang.String,java.lang.String)[pri:0, instance:LoginDemo.CorrectUser@38425407]" started-at="2023-04-27T12:19:51 IST" name="correctuser" data-provider="vaild" finished-at="2023-04-27T12:19:56 IST" duration-ms="4993" status="PASS">
          <params>
            <param index="0">
              <value>
                <![CDATA[aji]]>
              </value>
            </param>
            <param index="1">
              <value>
                <![CDATA[aj]]>
              </value>
            </param>
          </params>
          <reporter-output>
          </reporter-output>
        </test-method> <!-- correctuser -->
        <test-method signature="correctuser(java.lang.String,java.lang.String)[pri:0, instance:LoginDemo.CorrectUser@38425407]" started-at="2023-04-27T12:19:56 IST" name="correctuser" data-provider="vaild" finished-at="2023-04-27T12:20:00 IST" duration-ms="3663" status="PASS">
          <params>
            <param index="0">
              <value>
                <![CDATA[Admin]]>
              </value>
            </param>
            <param index="1">
              <value>
                <![CDATA[admin123]]>
              </value>
            </param>
          </params>
          <reporter-output>
          </reporter-output>
        </test-method> <!-- correctuser -->
        <test-method is-config="true" signature="aftertest()[pri:0, instance:LoginDemo.CorrectUser@38425407]" started-at="2023-04-27T12:20:00 IST" name="aftertest" finished-at="2023-04-27T12:20:00 IST" duration-ms="204" status="PASS">
          <reporter-output>
          </reporter-output>
        </test-method> <!-- aftertest -->
      </class> <!-- LoginDemo.CorrectUser -->
    </test> <!-- Default test -->
  </suite> <!-- Default suite -->
</testng-results>
