<?xml version="1.0" encoding="UTF-8"?>
<testng-results ignored="0" total="1" passed="1" failed="0" skipped="0">
  <reporter-output>
  </reporter-output>
  <suite started-at="2023-04-12T15:14:04 IST" name="Default suite" finished-at="2023-04-12T15:14:15 IST" duration-ms="10698">
    <groups>
    </groups>
    <test started-at="2023-04-12T15:14:04 IST" name="Default test" finished-at="2023-04-12T15:14:15 IST" duration-ms="10698">
      <class name="Firstproject.Testng">
        <test-method signature="second()[pri:0, instance:Firstproject.Testng@1d2adfbe]" started-at="2023-04-12T15:14:04 IST" name="second" finished-at="2023-04-12T15:14:15 IST" duration-ms="10633" status="PASS">
          <reporter-output>
          </reporter-output>
        </test-method> <!-- second -->
      </class> <!-- Firstproject.Testng -->
    </test> <!-- Default test -->
  </suite> <!-- Default suite -->
</testng-results>
