<?xml version="1.0" encoding="UTF-8"?>
<testng-results ignored="0" total="2" passed="2" failed="0" skipped="0">
  <reporter-output>
  </reporter-output>
  <suite started-at="2023-05-17T15:36:50 IST" name="Suite" finished-at="2023-05-17T15:36:55 IST" duration-ms="5480">
    <groups>
    </groups>
    <test started-at="2023-05-17T15:36:50 IST" name="Test" finished-at="2023-05-17T15:36:55 IST" duration-ms="5480">
      <class name="DataProvider.Sample2">
        <test-method signature="m1(java.lang.String,java.lang.String)[pri:0, instance:DataProvider.Sample2@747ddf94]" started-at="2023-05-17T15:36:50 IST" name="m1" data-provider="login" finished-at="2023-05-17T15:36:55 IST" duration-ms="5165" status="PASS">
          <params>
            <param index="0">
              <value>
                <![CDATA[aDmin]]>
              </value>
            </param>
            <param index="1">
              <value>
                <![CDATA[aDmin]]>
              </value>
            </param>
          </params>
          <reporter-output>
          </reporter-output>
        </test-method> <!-- m1 -->
      </class> <!-- DataProvider.Sample2 -->
      <class name="DataProvider.Sample1">
        <test-method signature="m1(java.lang.String,java.lang.String)[pri:0, instance:DataProvider.Sample1@1283bb96]" started-at="2023-05-17T15:36:50 IST" name="m1" data-provider="login" finished-at="2023-05-17T15:36:55 IST" duration-ms="5408" status="PASS">
          <params>
            <param index="0">
              <value>
                <![CDATA[aDmin]]>
              </value>
            </param>
            <param index="1">
              <value>
                <![CDATA[aDmin]]>
              </value>
            </param>
          </params>
          <reporter-output>
          </reporter-output>
        </test-method> <!-- m1 -->
      </class> <!-- DataProvider.Sample1 -->
    </test> <!-- Test -->
  </suite> <!-- Suite -->
</testng-results>
