<?xml version="1.0" encoding="UTF-8"?>
<!-- Generated by org.testng.reporters.JUnitXMLReporter -->
<testsuite ignored="0" hostname="Aji" failures="0" tests="9" name="Test 6" time="83.009" errors="0" timestamp="2023-06-28T16:47:16 IST">
  <testcase classname="EludeWeb.UserProfilePage" name="EnterName" time="2.513"/>
  <testcase classname="EludeWeb.UserProfilePage" name="Calendar" time="2.163"/>
  <testcase classname="EludeWeb.UserProfilePage" name="SetStatusMarried" time="8.531"/>
  <testcase classname="EludeWeb.UserProfilePage" name="SetStatusSingle" time="6.313"/>
  <testcase classname="EludeWeb.UserProfilePage" name="EnterParentsDetails" time="4.325"/>
  <testcase classname="EludeWeb.UserProfilePage" name="Address" time="2.168"/>
  <testcase classname="EludeWeb.UserProfilePage" name="WorkingProfile" time="9.681"/>
  <testcase classname="EludeWeb.UserProfilePage" name="AccountDetails" time="18.666"/>
  <testcase classname="EludeWeb.UserProfilePage" name="Check" time="9.266"/>
</testsuite> <!-- Test 6 -->
