<?xml version="1.0" encoding="UTF-8"?>
<!-- Generated by org.testng.reporters.JUnitXMLReporter -->
<testsuite ignored="3" hostname="Aji" failures="0" tests="10" name="Test 1" time="141.872" errors="0" timestamp="2023-06-28T16:42:53 IST">
  <testcase classname="EludeWeb.HomePage" name="FootContent" time="3.622"/>
  <testcase classname="EludeWeb.HomePage" name="StatusHContent" time="3.331"/>
  <testcase classname="EludeWeb.HomePage" name="Present" time="12.255"/>
  <testcase classname="EludeWeb.HomePage" name="PresentDetails" time="5.213"/>
  <testcase classname="EludeWeb.HomePage" name="Leave" time="9.133"/>
  <testcase classname="EludeWeb.HomePage" name="CHStepOne" time="8.103"/>
  <testcase classname="EludeWeb.HomePage" name="CHStepTwo" time="7.214"/>
  <testcase classname="EludeWeb.HomePage" name="ContentHeaderIcon" time="13.929"/>
  <testcase classname="EludeWeb.HomePage" name="ContentHeaderList" time="4.35"/>
  <testcase classname="EludeWeb.HomePage" name="StatusContent" time="53.851"/>
  <testcase classname="EludeWeb.HomePage" name="Absent" time="0.0">
    <ignored/>
  </testcase> <!-- Absent -->
  <testcase classname="EludeWeb.HomePage" name="LateDetails" time="0.0">
    <ignored/>
  </testcase> <!-- LateDetails -->
  <testcase classname="EludeWeb.HomePage" name="Late" time="0.0">
    <ignored/>
  </testcase> <!-- Late -->
</testsuite> <!-- Test 1 -->
