<?xml version="1.0" encoding="UTF-8"?>
<!-- Generated by org.testng.reporters.JUnitXMLReporter -->
<testsuite ignored="0" hostname="Aji" failures="0" tests="3" name="Test 2" time="40.733" errors="0" timestamp="2023-06-28T16:43:33 IST">
  <testcase classname="EludeWeb.UserListPage" name="AddEmployee" time="10.088"/>
  <testcase classname="EludeWeb.UserListPage" name="DeleteEmp" time="3.608"/>
  <testcase classname="EludeWeb.UserListPage" name="AddAdmin" time="7.717"/>
</testsuite> <!-- Test 2 -->
