<?xml version="1.0" encoding="UTF-8"?>
<testng-results ignored="0" total="1" passed="1" failed="0" skipped="0">
  <reporter-output>
  </reporter-output>
  <suite started-at="2023-05-19T15:27:29 IST" name="Default suite" finished-at="2023-05-19T15:27:37 IST" duration-ms="7509">
    <groups>
    </groups>
    <test started-at="2023-05-19T15:27:29 IST" name="Default test" finished-at="2023-05-19T15:27:37 IST" duration-ms="7509">
      <class name="Scroll.FirstScroll">
        <test-method signature="First()[pri:0, instance:Scroll.FirstScroll@795cd85e]" started-at="2023-05-19T15:27:29 IST" name="First" finished-at="2023-05-19T15:27:37 IST" duration-ms="7459" status="PASS">
          <reporter-output>
          </reporter-output>
        </test-method> <!-- First -->
      </class> <!-- Scroll.FirstScroll -->
    </test> <!-- Default test -->
  </suite> <!-- Default suite -->
</testng-results>
