<?xml version="1.0" encoding="UTF-8"?>
<testng-results ignored="0" total="1" passed="1" failed="0" skipped="0">
  <reporter-output>
  </reporter-output>
  <suite started-at="2023-07-01T11:48:44 IST" name="Default suite" finished-at="2023-07-01T11:48:52 IST" duration-ms="7988">
    <groups>
    </groups>
    <test started-at="2023-07-01T11:48:44 IST" name="Default test" finished-at="2023-07-01T11:48:52 IST" duration-ms="7988">
      <class name="Shop.Landing">
        <test-method signature="OpenBrowser()[pri:0, instance:Shop.Landing@7d8995e]" started-at="2023-07-01T11:48:45 IST" name="OpenBrowser" finished-at="2023-07-01T11:48:52 IST" duration-ms="7937" status="PASS">
          <reporter-output>
          </reporter-output>
        </test-method> <!-- OpenBrowser -->
      </class> <!-- Shop.Landing -->
    </test> <!-- Default test -->
  </suite> <!-- Default suite -->
</testng-results>
