<?xml version="1.0" encoding="UTF-8"?>
<!-- Generated by org.testng.reporters.JUnitXMLReporter -->
<testsuite ignored="0" hostname="Aji" failures="0" tests="10" name="Default test" time="19.616" errors="0" timestamp="2023-05-17T15:36:24 IST">
  <testcase classname="DataProvider.Parallel" name="p" time="7.137"/>
  <testcase classname="DataProvider.Parallel" name="p" time="7.161"/>
  <testcase classname="DataProvider.Parallel" name="p" time="9.513"/>
  <testcase classname="DataProvider.Parallel" name="p" time="9.734"/>
  <testcase classname="DataProvider.Parallel" name="p" time="5.4"/>
  <testcase classname="DataProvider.Parallel" name="p" time="5.451"/>
  <testcase classname="DataProvider.Parallel" name="p" time="4.2"/>
  <testcase classname="DataProvider.Parallel" name="p" time="4.106"/>
  <testcase classname="DataProvider.Sample2" name="m1" time="2.799"/>
  <testcase classname="DataProvider.Sample2" name="m1" time="2.857"/>
</testsuite> <!-- Default test -->
